[1116/155648.568:WARNING:dns_config_service_win.cc(668)] Failed to read DnsConfig.
[1116/155653.580:WARNING:dns_config_service_win.cc(668)] Failed to read DnsConfig.
[1116/155658.593:WARNING:dns_config_service_win.cc(668)] Failed to read DnsConfig.
[1116/155703.647:WARNING:dns_config_service_win.cc(668)] Failed to read DnsConfig.
[1116/155729.022:WARNING:dns_config_service_win.cc(668)] Failed to read DnsConfig.
[1116/155734.052:WARNING:dns_config_service_win.cc(668)] Failed to read DnsConfig.
[1116/155739.069:WARNING:dns_config_service_win.cc(668)] Failed to read DnsConfig.
[1116/155744.106:WARNING:dns_config_service_win.cc(668)] Failed to read DnsConfig.
[1116/155749.133:WARNING:dns_config_service_win.cc(668)] Failed to read DnsConfig.
[1116/155754.144:WARNING:dns_config_service_win.cc(668)] Failed to read DnsConfig.
[1116/155759.170:WARNING:dns_config_service_win.cc(668)] Failed to read DnsConfig.
[1116/155804.192:WARNING:dns_config_service_win.cc(668)] Failed to read DnsConfig.
[1116/155809.223:WARNING:dns_config_service_win.cc(668)] Failed to read DnsConfig.
[1116/155814.250:WARNING:dns_config_service_win.cc(668)] Failed to read DnsConfig.
[1116/155819.277:WARNING:dns_config_service_win.cc(668)] Failed to read DnsConfig.
[1116/155824.310:WARNING:dns_config_service_win.cc(668)] Failed to read DnsConfig.
[1116/155829.380:WARNING:dns_config_service_win.cc(668)] Failed to read DnsConfig.
[1116/155834.406:WARNING:dns_config_service_win.cc(668)] Failed to read DnsConfig.
[1116/155851.561:WARNING:dns_config_service_win.cc(668)] Failed to read DnsConfig.
[1116/155856.575:WARNING:dns_config_service_win.cc(668)] Failed to read DnsConfig.
[1116/155901.599:WARNING:dns_config_service_win.cc(668)] Failed to read DnsConfig.
[1116/155906.622:WARNING:dns_config_service_win.cc(668)] Failed to read DnsConfig.
[1116/155911.685:WARNING:dns_config_service_win.cc(668)] Failed to read DnsConfig.
[1116/155916.696:WARNING:dns_config_service_win.cc(668)] Failed to read DnsConfig.
[1116/155921.720:WARNING:dns_config_service_win.cc(668)] Failed to read DnsConfig.
[1116/155926.743:WARNING:dns_config_service_win.cc(668)] Failed to read DnsConfig.
[1116/155931.762:WARNING:dns_config_service_win.cc(668)] Failed to read DnsConfig.
[1116/155936.772:WARNING:dns_config_service_win.cc(668)] Failed to read DnsConfig.
[1116/155941.787:WARNING:dns_config_service_win.cc(668)] Failed to read DnsConfig.
[1116/155946.799:WARNING:dns_config_service_win.cc(668)] Failed to read DnsConfig.
[1116/155951.807:WARNING:dns_config_service_win.cc(668)] Failed to read DnsConfig.
[1116/155956.827:WARNING:dns_config_service_win.cc(668)] Failed to read DnsConfig.
[1116/160001.847:WARNING:dns_config_service_win.cc(668)] Failed to read DnsConfig.
[1116/160006.871:WARNING:dns_config_service_win.cc(668)] Failed to read DnsConfig.
[1116/160011.891:WARNING:dns_config_service_win.cc(668)] Failed to read DnsConfig.
[1116/160016.924:WARNING:dns_config_service_win.cc(668)] Failed to read DnsConfig.
[1116/160021.953:WARNING:dns_config_service_win.cc(668)] Failed to read DnsConfig.
[1116/160026.979:WARNING:dns_config_service_win.cc(668)] Failed to read DnsConfig.
[1116/160032.005:WARNING:dns_config_service_win.cc(668)] Failed to read DnsConfig.
[1116/160037.022:WARNING:dns_config_service_win.cc(668)] Failed to read DnsConfig.
[1116/160042.040:WARNING:dns_config_service_win.cc(668)] Failed to read DnsConfig.
[1116/160047.052:WARNING:dns_config_service_win.cc(668)] Failed to read DnsConfig.
[1116/160052.059:WARNING:dns_config_service_win.cc(668)] Failed to read DnsConfig.
[1116/160057.082:WARNING:dns_config_service_win.cc(668)] Failed to read DnsConfig.
[1116/160102.102:WARNING:dns_config_service_win.cc(668)] Failed to read DnsConfig.
[1116/160107.118:WARNING:dns_config_service_win.cc(668)] Failed to read DnsConfig.
[1116/160112.138:WARNING:dns_config_service_win.cc(668)] Failed to read DnsConfig.
[1116/160117.152:WARNING:dns_config_service_win.cc(668)] Failed to read DnsConfig.
[1116/160122.170:WARNING:dns_config_service_win.cc(668)] Failed to read DnsConfig.
[1116/160127.187:WARNING:dns_config_service_win.cc(668)] Failed to read DnsConfig.
[1116/160132.196:WARNING:dns_config_service_win.cc(668)] Failed to read DnsConfig.
[1116/160137.226:WARNING:dns_config_service_win.cc(668)] Failed to read DnsConfig.
[1116/160142.233:WARNING:dns_config_service_win.cc(668)] Failed to read DnsConfig.
[1116/160147.251:WARNING:dns_config_service_win.cc(668)] Failed to read DnsConfig.
[1116/160152.263:WARNING:dns_config_service_win.cc(668)] Failed to read DnsConfig.
[1116/160157.274:WARNING:dns_config_service_win.cc(668)] Failed to read DnsConfig.
[1116/160202.287:WARNING:dns_config_service_win.cc(668)] Failed to read DnsConfig.
[1116/160207.303:WARNING:dns_config_service_win.cc(668)] Failed to read DnsConfig.
[1116/160212.310:WARNING:dns_config_service_win.cc(668)] Failed to read DnsConfig.
[1116/160217.329:WARNING:dns_config_service_win.cc(668)] Failed to read DnsConfig.
[1116/160222.343:WARNING:dns_config_service_win.cc(668)] Failed to read DnsConfig.
[1116/160227.360:WARNING:dns_config_service_win.cc(668)] Failed to read DnsConfig.
[1116/160232.388:WARNING:dns_config_service_win.cc(668)] Failed to read DnsConfig.
[1116/160237.403:WARNING:dns_config_service_win.cc(668)] Failed to read DnsConfig.
[1116/160242.427:WARNING:dns_config_service_win.cc(668)] Failed to read DnsConfig.
[1116/160247.449:WARNING:dns_config_service_win.cc(668)] Failed to read DnsConfig.
[1116/160252.459:WARNING:dns_config_service_win.cc(668)] Failed to read DnsConfig.
[1116/160257.480:WARNING:dns_config_service_win.cc(668)] Failed to read DnsConfig.
[1116/160302.491:WARNING:dns_config_service_win.cc(668)] Failed to read DnsConfig.
[1116/160307.511:WARNING:dns_config_service_win.cc(668)] Failed to read DnsConfig.
[1116/160312.527:WARNING:dns_config_service_win.cc(668)] Failed to read DnsConfig.
[1116/160317.547:WARNING:dns_config_service_win.cc(668)] Failed to read DnsConfig.
[1116/160322.559:WARNING:dns_config_service_win.cc(668)] Failed to read DnsConfig.
[1116/160327.565:WARNING:dns_config_service_win.cc(668)] Failed to read DnsConfig.
[1116/160332.576:WARNING:dns_config_service_win.cc(668)] Failed to read DnsConfig.
[1116/160337.592:WARNING:dns_config_service_win.cc(668)] Failed to read DnsConfig.
[1116/160342.601:WARNING:dns_config_service_win.cc(668)] Failed to read DnsConfig.
[1116/160347.623:WARNING:dns_config_service_win.cc(668)] Failed to read DnsConfig.
[1116/160352.641:WARNING:dns_config_service_win.cc(668)] Failed to read DnsConfig.
[1116/160357.659:WARNING:dns_config_service_win.cc(668)] Failed to read DnsConfig.
[1116/160402.679:WARNING:dns_config_service_win.cc(668)] Failed to read DnsConfig.
[1116/160407.700:WARNING:dns_config_service_win.cc(668)] Failed to read DnsConfig.
[1116/160412.714:WARNING:dns_config_service_win.cc(668)] Failed to read DnsConfig.
[1116/160417.734:WARNING:dns_config_service_win.cc(668)] Failed to read DnsConfig.
[1116/160422.743:WARNING:dns_config_service_win.cc(668)] Failed to read DnsConfig.
[1116/160427.759:WARNING:dns_config_service_win.cc(668)] Failed to read DnsConfig.
[1116/160432.784:WARNING:dns_config_service_win.cc(668)] Failed to read DnsConfig.
[1116/160437.829:WARNING:dns_config_service_win.cc(668)] Failed to read DnsConfig.
[1116/160442.887:WARNING:dns_config_service_win.cc(668)] Failed to read DnsConfig.
[1116/160447.908:WARNING:dns_config_service_win.cc(668)] Failed to read DnsConfig.
[1116/160452.981:WARNING:dns_config_service_win.cc(668)] Failed to read DnsConfig.
[1116/160457.998:WARNING:dns_config_service_win.cc(668)] Failed to read DnsConfig.
[1116/160503.005:WARNING:dns_config_service_win.cc(668)] Failed to read DnsConfig.
[1116/160508.012:WARNING:dns_config_service_win.cc(668)] Failed to read DnsConfig.
[1116/160513.021:WARNING:dns_config_service_win.cc(668)] Failed to read DnsConfig.
[1116/160518.040:WARNING:dns_config_service_win.cc(668)] Failed to read DnsConfig.
[1116/160523.048:WARNING:dns_config_service_win.cc(668)] Failed to read DnsConfig.
[1116/160528.070:WARNING:dns_config_service_win.cc(668)] Failed to read DnsConfig.
[1116/160533.092:WARNING:dns_config_service_win.cc(668)] Failed to read DnsConfig.
[1116/160538.109:WARNING:dns_config_service_win.cc(668)] Failed to read DnsConfig.
[1116/160543.130:WARNING:dns_config_service_win.cc(668)] Failed to read DnsConfig.
[1116/160548.145:WARNING:dns_config_service_win.cc(668)] Failed to read DnsConfig.
[1116/160553.164:WARNING:dns_config_service_win.cc(668)] Failed to read DnsConfig.
[1116/160558.179:WARNING:dns_config_service_win.cc(668)] Failed to read DnsConfig.
[1116/160603.188:WARNING:dns_config_service_win.cc(668)] Failed to read DnsConfig.
[1116/160608.196:WARNING:dns_config_service_win.cc(668)] Failed to read DnsConfig.
[1116/160613.213:WARNING:dns_config_service_win.cc(668)] Failed to read DnsConfig.
[1116/160618.236:WARNING:dns_config_service_win.cc(668)] Failed to read DnsConfig.
[1116/160623.243:WARNING:dns_config_service_win.cc(668)] Failed to read DnsConfig.
[1116/160628.256:WARNING:dns_config_service_win.cc(668)] Failed to read DnsConfig.
[1116/160633.280:WARNING:dns_config_service_win.cc(668)] Failed to read DnsConfig.
[1116/160638.294:WARNING:dns_config_service_win.cc(668)] Failed to read DnsConfig.
[1116/160643.301:WARNING:dns_config_service_win.cc(668)] Failed to read DnsConfig.
[1116/160648.309:WARNING:dns_config_service_win.cc(668)] Failed to read DnsConfig.
[1116/160653.322:WARNING:dns_config_service_win.cc(668)] Failed to read DnsConfig.
[1116/160658.342:WARNING:dns_config_service_win.cc(668)] Failed to read DnsConfig.
[1116/160703.352:WARNING:dns_config_service_win.cc(668)] Failed to read DnsConfig.
[1116/160708.362:WARNING:dns_config_service_win.cc(668)] Failed to read DnsConfig.
[1116/160713.374:WARNING:dns_config_service_win.cc(668)] Failed to read DnsConfig.
[1116/160718.392:WARNING:dns_config_service_win.cc(668)] Failed to read DnsConfig.
[1116/160723.403:WARNING:dns_config_service_win.cc(668)] Failed to read DnsConfig.
[1116/160728.419:WARNING:dns_config_service_win.cc(668)] Failed to read DnsConfig.
[1116/160733.435:WARNING:dns_config_service_win.cc(668)] Failed to read DnsConfig.
[1116/160738.444:WARNING:dns_config_service_win.cc(668)] Failed to read DnsConfig.
[1116/160743.465:WARNING:dns_config_service_win.cc(668)] Failed to read DnsConfig.
[1116/160748.477:WARNING:dns_config_service_win.cc(668)] Failed to read DnsConfig.
[1116/160753.486:WARNING:dns_config_service_win.cc(668)] Failed to read DnsConfig.
[1116/160758.543:WARNING:dns_config_service_win.cc(668)] Failed to read DnsConfig.
[1116/160803.568:WARNING:dns_config_service_win.cc(668)] Failed to read DnsConfig.
[1116/160808.687:WARNING:dns_config_service_win.cc(668)] Failed to read DnsConfig.
[1116/160813.701:WARNING:dns_config_service_win.cc(668)] Failed to read DnsConfig.
[1116/160818.733:WARNING:dns_config_service_win.cc(668)] Failed to read DnsConfig.
[1116/160823.744:WARNING:dns_config_service_win.cc(668)] Failed to read DnsConfig.
[1116/160828.757:WARNING:dns_config_service_win.cc(668)] Failed to read DnsConfig.
[1116/160833.767:WARNING:dns_config_service_win.cc(668)] Failed to read DnsConfig.
[1116/160838.775:WARNING:dns_config_service_win.cc(668)] Failed to read DnsConfig.
[1116/160843.794:WARNING:dns_config_service_win.cc(668)] Failed to read DnsConfig.
[1116/160848.814:WARNING:dns_config_service_win.cc(668)] Failed to read DnsConfig.
[1116/160853.833:WARNING:dns_config_service_win.cc(668)] Failed to read DnsConfig.
[1116/160858.854:WARNING:dns_config_service_win.cc(668)] Failed to read DnsConfig.
[1116/160903.889:WARNING:dns_config_service_win.cc(668)] Failed to read DnsConfig.
[1116/160908.905:WARNING:dns_config_service_win.cc(668)] Failed to read DnsConfig.
[1116/160913.927:WARNING:dns_config_service_win.cc(668)] Failed to read DnsConfig.
[1116/160918.942:WARNING:dns_config_service_win.cc(668)] Failed to read DnsConfig.
[1116/160923.953:WARNING:dns_config_service_win.cc(668)] Failed to read DnsConfig.
[1116/160928.976:WARNING:dns_config_service_win.cc(668)] Failed to read DnsConfig.
[1116/160933.991:WARNING:dns_config_service_win.cc(668)] Failed to read DnsConfig.
[1116/160938.997:WARNING:dns_config_service_win.cc(668)] Failed to read DnsConfig.
[1116/160944.013:WARNING:dns_config_service_win.cc(668)] Failed to read DnsConfig.
[1116/160949.023:WARNING:dns_config_service_win.cc(668)] Failed to read DnsConfig.
[1116/160954.031:WARNING:dns_config_service_win.cc(668)] Failed to read DnsConfig.
[1116/160959.053:WARNING:dns_config_service_win.cc(668)] Failed to read DnsConfig.
[1116/161004.076:WARNING:dns_config_service_win.cc(668)] Failed to read DnsConfig.
[1116/161009.095:WARNING:dns_config_service_win.cc(668)] Failed to read DnsConfig.
[1116/161014.103:WARNING:dns_config_service_win.cc(668)] Failed to read DnsConfig.
[1116/161019.121:WARNING:dns_config_service_win.cc(668)] Failed to read DnsConfig.
[1116/161024.146:WARNING:dns_config_service_win.cc(668)] Failed to read DnsConfig.
[1116/161029.167:WARNING:dns_config_service_win.cc(668)] Failed to read DnsConfig.
[1116/161034.185:WARNING:dns_config_service_win.cc(668)] Failed to read DnsConfig.
[1116/161039.198:WARNING:dns_config_service_win.cc(668)] Failed to read DnsConfig.
[1116/161044.215:WARNING:dns_config_service_win.cc(668)] Failed to read DnsConfig.
[1116/161049.228:WARNING:dns_config_service_win.cc(668)] Failed to read DnsConfig.
[1116/161054.236:WARNING:dns_config_service_win.cc(668)] Failed to read DnsConfig.
[1116/161059.248:WARNING:dns_config_service_win.cc(668)] Failed to read DnsConfig.
[1116/161104.267:WARNING:dns_config_service_win.cc(668)] Failed to read DnsConfig.
[1116/161109.284:WARNING:dns_config_service_win.cc(668)] Failed to read DnsConfig.
[1116/161114.299:WARNING:dns_config_service_win.cc(668)] Failed to read DnsConfig.
[1116/161119.417:WARNING:dns_config_service_win.cc(668)] Failed to read DnsConfig.
[1116/161124.435:WARNING:dns_config_service_win.cc(668)] Failed to read DnsConfig.
[1116/161129.446:WARNING:dns_config_service_win.cc(668)] Failed to read DnsConfig.
[1116/161134.456:WARNING:dns_config_service_win.cc(668)] Failed to read DnsConfig.
[1116/161139.474:WARNING:dns_config_service_win.cc(668)] Failed to read DnsConfig.
[1116/161144.504:WARNING:dns_config_service_win.cc(668)] Failed to read DnsConfig.
[1116/161149.515:WARNING:dns_config_service_win.cc(668)] Failed to read DnsConfig.
[1116/161154.536:WARNING:dns_config_service_win.cc(668)] Failed to read DnsConfig.
[1116/161159.557:WARNING:dns_config_service_win.cc(668)] Failed to read DnsConfig.
[1116/161204.572:WARNING:dns_config_service_win.cc(668)] Failed to read DnsConfig.
[1116/161209.598:WARNING:dns_config_service_win.cc(668)] Failed to read DnsConfig.
[1116/161214.604:WARNING:dns_config_service_win.cc(668)] Failed to read DnsConfig.
[1116/161219.622:WARNING:dns_config_service_win.cc(668)] Failed to read DnsConfig.
[1116/161224.635:WARNING:dns_config_service_win.cc(668)] Failed to read DnsConfig.
[1116/161229.653:WARNING:dns_config_service_win.cc(668)] Failed to read DnsConfig.
[1116/161234.664:WARNING:dns_config_service_win.cc(668)] Failed to read DnsConfig.
[1116/161239.680:WARNING:dns_config_service_win.cc(668)] Failed to read DnsConfig.
[1116/161244.694:WARNING:dns_config_service_win.cc(668)] Failed to read DnsConfig.
[1116/161249.711:WARNING:dns_config_service_win.cc(668)] Failed to read DnsConfig.
[1116/161254.719:WARNING:dns_config_service_win.cc(668)] Failed to read DnsConfig.
[1116/161259.738:WARNING:dns_config_service_win.cc(668)] Failed to read DnsConfig.
[1116/161304.757:WARNING:dns_config_service_win.cc(668)] Failed to read DnsConfig.
[1116/161309.767:WARNING:dns_config_service_win.cc(668)] Failed to read DnsConfig.
[1116/161314.774:WARNING:dns_config_service_win.cc(668)] Failed to read DnsConfig.
[1116/161319.779:WARNING:dns_config_service_win.cc(668)] Failed to read DnsConfig.
[1116/161324.795:WARNING:dns_config_service_win.cc(668)] Failed to read DnsConfig.
[1116/161329.803:WARNING:dns_config_service_win.cc(668)] Failed to read DnsConfig.
[1116/161334.823:WARNING:dns_config_service_win.cc(668)] Failed to read DnsConfig.
[1116/161339.845:WARNING:dns_config_service_win.cc(668)] Failed to read DnsConfig.
[1116/161344.867:WARNING:dns_config_service_win.cc(668)] Failed to read DnsConfig.
[1116/161349.882:WARNING:dns_config_service_win.cc(668)] Failed to read DnsConfig.
[1116/161354.901:WARNING:dns_config_service_win.cc(668)] Failed to read DnsConfig.
[1116/161359.920:WARNING:dns_config_service_win.cc(668)] Failed to read DnsConfig.
[1116/161404.936:WARNING:dns_config_service_win.cc(668)] Failed to read DnsConfig.
[1116/161409.956:WARNING:dns_config_service_win.cc(668)] Failed to read DnsConfig.
[1116/161414.971:WARNING:dns_config_service_win.cc(668)] Failed to read DnsConfig.
[1116/161419.987:WARNING:dns_config_service_win.cc(668)] Failed to read DnsConfig.
[1116/161425.005:WARNING:dns_config_service_win.cc(668)] Failed to read DnsConfig.
[1116/161430.027:WARNING:dns_config_service_win.cc(668)] Failed to read DnsConfig.
[1116/161435.034:WARNING:dns_config_service_win.cc(668)] Failed to read DnsConfig.
[1116/161440.048:WARNING:dns_config_service_win.cc(668)] Failed to read DnsConfig.
[1116/161445.072:WARNING:dns_config_service_win.cc(668)] Failed to read DnsConfig.
[1116/161450.091:WARNING:dns_config_service_win.cc(668)] Failed to read DnsConfig.
[1116/161455.107:WARNING:dns_config_service_win.cc(668)] Failed to read DnsConfig.
[1116/161500.122:WARNING:dns_config_service_win.cc(668)] Failed to read DnsConfig.
[1116/161505.132:WARNING:dns_config_service_win.cc(668)] Failed to read DnsConfig.
[1116/161510.152:WARNING:dns_config_service_win.cc(668)] Failed to read DnsConfig.
[1116/161515.171:WARNING:dns_config_service_win.cc(668)] Failed to read DnsConfig.
[1116/161520.186:WARNING:dns_config_service_win.cc(668)] Failed to read DnsConfig.
[1116/161525.238:WARNING:dns_config_service_win.cc(668)] Failed to read DnsConfig.
[1116/161530.260:WARNING:dns_config_service_win.cc(668)] Failed to read DnsConfig.
[1117/194827.521:WARNING:dns_config_service_win.cc(668)] Failed to read DnsConfig.
[1117/194832.532:WARNING:dns_config_service_win.cc(668)] Failed to read DnsConfig.
[1117/194902.828:WARNING:dns_config_service_win.cc(668)] Failed to read DnsConfig.
[1117/194907.845:WARNING:dns_config_service_win.cc(668)] Failed to read DnsConfig.
[1117/194912.860:WARNING:dns_config_service_win.cc(668)] Failed to read DnsConfig.
[1117/194917.871:WARNING:dns_config_service_win.cc(668)] Failed to read DnsConfig.
[1117/194922.879:WARNING:dns_config_service_win.cc(668)] Failed to read DnsConfig.
[1117/194927.894:WARNING:dns_config_service_win.cc(668)] Failed to read DnsConfig.
[1117/194932.916:WARNING:dns_config_service_win.cc(668)] Failed to read DnsConfig.
[1117/194937.936:WARNING:dns_config_service_win.cc(668)] Failed to read DnsConfig.
[1117/194942.949:WARNING:dns_config_service_win.cc(668)] Failed to read DnsConfig.
[1117/194947.962:WARNING:dns_config_service_win.cc(668)] Failed to read DnsConfig.
[1117/194952.977:WARNING:dns_config_service_win.cc(668)] Failed to read DnsConfig.
[1117/194958.004:WARNING:dns_config_service_win.cc(668)] Failed to read DnsConfig.
[1117/195003.021:WARNING:dns_config_service_win.cc(668)] Failed to read DnsConfig.
[1117/195008.045:WARNING:dns_config_service_win.cc(668)] Failed to read DnsConfig.
[1117/195013.073:WARNING:dns_config_service_win.cc(668)] Failed to read DnsConfig.
[1117/195018.097:WARNING:dns_config_service_win.cc(668)] Failed to read DnsConfig.
[1117/195023.168:WARNING:dns_config_service_win.cc(668)] Failed to read DnsConfig.
[1117/195028.182:WARNING:dns_config_service_win.cc(668)] Failed to read DnsConfig.
[1117/195033.200:WARNING:dns_config_service_win.cc(668)] Failed to read DnsConfig.
[1117/195038.220:WARNING:dns_config_service_win.cc(668)] Failed to read DnsConfig.
[1117/195043.236:WARNING:dns_config_service_win.cc(668)] Failed to read DnsConfig.
[1117/195048.242:WARNING:dns_config_service_win.cc(668)] Failed to read DnsConfig.
[1117/195053.261:WARNING:dns_config_service_win.cc(668)] Failed to read DnsConfig.
[1117/195058.268:WARNING:dns_config_service_win.cc(668)] Failed to read DnsConfig.
[1117/195103.285:WARNING:dns_config_service_win.cc(668)] Failed to read DnsConfig.
[1117/195108.295:WARNING:dns_config_service_win.cc(668)] Failed to read DnsConfig.
[1117/195113.301:WARNING:dns_config_service_win.cc(668)] Failed to read DnsConfig.
[1117/195118.309:WARNING:dns_config_service_win.cc(668)] Failed to read DnsConfig.
[1117/195123.317:WARNING:dns_config_service_win.cc(668)] Failed to read DnsConfig.
[1117/195128.328:WARNING:dns_config_service_win.cc(668)] Failed to read DnsConfig.
[1117/195133.332:WARNING:dns_config_service_win.cc(668)] Failed to read DnsConfig.
[1117/195138.347:WARNING:dns_config_service_win.cc(668)] Failed to read DnsConfig.
[1117/195143.352:WARNING:dns_config_service_win.cc(668)] Failed to read DnsConfig.
[1117/195148.363:WARNING:dns_config_service_win.cc(668)] Failed to read DnsConfig.
[1117/195153.369:WARNING:dns_config_service_win.cc(668)] Failed to read DnsConfig.
[1117/195158.383:WARNING:dns_config_service_win.cc(668)] Failed to read DnsConfig.
[1117/195203.396:WARNING:dns_config_service_win.cc(668)] Failed to read DnsConfig.
[1117/195208.411:WARNING:dns_config_service_win.cc(668)] Failed to read DnsConfig.
[1117/195213.419:WARNING:dns_config_service_win.cc(668)] Failed to read DnsConfig.
[1117/195218.439:WARNING:dns_config_service_win.cc(668)] Failed to read DnsConfig.
[1117/195223.458:WARNING:dns_config_service_win.cc(668)] Failed to read DnsConfig.
[1117/195228.463:WARNING:dns_config_service_win.cc(668)] Failed to read DnsConfig.
[1117/195233.479:WARNING:dns_config_service_win.cc(668)] Failed to read DnsConfig.
[1117/195238.491:WARNING:dns_config_service_win.cc(668)] Failed to read DnsConfig.
[1117/195243.506:WARNING:dns_config_service_win.cc(668)] Failed to read DnsConfig.
[1117/195248.514:WARNING:dns_config_service_win.cc(668)] Failed to read DnsConfig.
[1117/195253.529:WARNING:dns_config_service_win.cc(668)] Failed to read DnsConfig.
[1117/195258.546:WARNING:dns_config_service_win.cc(668)] Failed to read DnsConfig.
[1117/195303.558:WARNING:dns_config_service_win.cc(668)] Failed to read DnsConfig.
[1117/195308.574:WARNING:dns_config_service_win.cc(668)] Failed to read DnsConfig.
[1117/195313.586:WARNING:dns_config_service_win.cc(668)] Failed to read DnsConfig.
[1117/195318.598:WARNING:dns_config_service_win.cc(668)] Failed to read DnsConfig.
[1117/195323.611:WARNING:dns_config_service_win.cc(668)] Failed to read DnsConfig.
[1117/195328.616:WARNING:dns_config_service_win.cc(668)] Failed to read DnsConfig.
[1117/195333.633:WARNING:dns_config_service_win.cc(668)] Failed to read DnsConfig.
[1117/195338.640:WARNING:dns_config_service_win.cc(668)] Failed to read DnsConfig.
[1117/195343.646:WARNING:dns_config_service_win.cc(668)] Failed to read DnsConfig.
[1117/195348.659:WARNING:dns_config_service_win.cc(668)] Failed to read DnsConfig.
[1117/195353.677:WARNING:dns_config_service_win.cc(668)] Failed to read DnsConfig.
[1117/195358.696:WARNING:dns_config_service_win.cc(668)] Failed to read DnsConfig.
[1117/195403.704:WARNING:dns_config_service_win.cc(668)] Failed to read DnsConfig.
[1117/195408.722:WARNING:dns_config_service_win.cc(668)] Failed to read DnsConfig.
[1117/195413.728:WARNING:dns_config_service_win.cc(668)] Failed to read DnsConfig.
[1117/195418.741:WARNING:dns_config_service_win.cc(668)] Failed to read DnsConfig.
[1117/195423.760:WARNING:dns_config_service_win.cc(668)] Failed to read DnsConfig.
[1117/195428.776:WARNING:dns_config_service_win.cc(668)] Failed to read DnsConfig.
[1117/195433.798:WARNING:dns_config_service_win.cc(668)] Failed to read DnsConfig.
[1117/195438.807:WARNING:dns_config_service_win.cc(668)] Failed to read DnsConfig.
[1117/195443.812:WARNING:dns_config_service_win.cc(668)] Failed to read DnsConfig.
[1117/195448.829:WARNING:dns_config_service_win.cc(668)] Failed to read DnsConfig.
[1117/195453.838:WARNING:dns_config_service_win.cc(668)] Failed to read DnsConfig.
[1117/195458.851:WARNING:dns_config_service_win.cc(668)] Failed to read DnsConfig.
[1117/195503.867:WARNING:dns_config_service_win.cc(668)] Failed to read DnsConfig.
[1117/195508.879:WARNING:dns_config_service_win.cc(668)] Failed to read DnsConfig.
[1117/195513.893:WARNING:dns_config_service_win.cc(668)] Failed to read DnsConfig.
[1117/195518.901:WARNING:dns_config_service_win.cc(668)] Failed to read DnsConfig.
[1117/195523.918:WARNING:dns_config_service_win.cc(668)] Failed to read DnsConfig.
[1117/195528.935:WARNING:dns_config_service_win.cc(668)] Failed to read DnsConfig.
[1117/195533.954:WARNING:dns_config_service_win.cc(668)] Failed to read DnsConfig.
[1117/195538.959:WARNING:dns_config_service_win.cc(668)] Failed to read DnsConfig.
[1117/195543.974:WARNING:dns_config_service_win.cc(668)] Failed to read DnsConfig.
[1117/195548.989:WARNING:dns_config_service_win.cc(668)] Failed to read DnsConfig.
[1117/195553.999:WARNING:dns_config_service_win.cc(668)] Failed to read DnsConfig.
[1117/195559.013:WARNING:dns_config_service_win.cc(668)] Failed to read DnsConfig.
[1117/195604.058:WARNING:dns_config_service_win.cc(668)] Failed to read DnsConfig.
[1117/195609.074:WARNING:dns_config_service_win.cc(668)] Failed to read DnsConfig.
[1117/195614.078:WARNING:dns_config_service_win.cc(668)] Failed to read DnsConfig.
[1117/195619.092:WARNING:dns_config_service_win.cc(668)] Failed to read DnsConfig.
[1117/195624.104:WARNING:dns_config_service_win.cc(668)] Failed to read DnsConfig.
[1117/195629.112:WARNING:dns_config_service_win.cc(668)] Failed to read DnsConfig.
[1117/195634.121:WARNING:dns_config_service_win.cc(668)] Failed to read DnsConfig.
[1117/195639.133:WARNING:dns_config_service_win.cc(668)] Failed to read DnsConfig.
[1117/195644.144:WARNING:dns_config_service_win.cc(668)] Failed to read DnsConfig.
[1117/195649.158:WARNING:dns_config_service_win.cc(668)] Failed to read DnsConfig.
[1117/195654.167:WARNING:dns_config_service_win.cc(668)] Failed to read DnsConfig.
[1117/195659.179:WARNING:dns_config_service_win.cc(668)] Failed to read DnsConfig.
[1117/195704.194:WARNING:dns_config_service_win.cc(668)] Failed to read DnsConfig.
[1117/195709.209:WARNING:dns_config_service_win.cc(668)] Failed to read DnsConfig.
[1117/195714.230:WARNING:dns_config_service_win.cc(668)] Failed to read DnsConfig.
[1117/195719.236:WARNING:dns_config_service_win.cc(668)] Failed to read DnsConfig.
[1117/195724.259:WARNING:dns_config_service_win.cc(668)] Failed to read DnsConfig.
[1117/195729.276:WARNING:dns_config_service_win.cc(668)] Failed to read DnsConfig.
[1117/195734.284:WARNING:dns_config_service_win.cc(668)] Failed to read DnsConfig.
[1117/195739.302:WARNING:dns_config_service_win.cc(668)] Failed to read DnsConfig.
[1117/195744.317:WARNING:dns_config_service_win.cc(668)] Failed to read DnsConfig.
[1117/195749.336:WARNING:dns_config_service_win.cc(668)] Failed to read DnsConfig.
[1117/195754.350:WARNING:dns_config_service_win.cc(668)] Failed to read DnsConfig.
[1117/195759.366:WARNING:dns_config_service_win.cc(668)] Failed to read DnsConfig.
[1117/195804.383:WARNING:dns_config_service_win.cc(668)] Failed to read DnsConfig.
[1117/195809.397:WARNING:dns_config_service_win.cc(668)] Failed to read DnsConfig.
[1117/195814.409:WARNING:dns_config_service_win.cc(668)] Failed to read DnsConfig.
[1117/195819.421:WARNING:dns_config_service_win.cc(668)] Failed to read DnsConfig.
[1117/195824.465:WARNING:dns_config_service_win.cc(668)] Failed to read DnsConfig.
[1117/195829.480:WARNING:dns_config_service_win.cc(668)] Failed to read DnsConfig.
[1117/195834.494:WARNING:dns_config_service_win.cc(668)] Failed to read DnsConfig.
[1117/195839.506:WARNING:dns_config_service_win.cc(668)] Failed to read DnsConfig.
[1117/195844.516:WARNING:dns_config_service_win.cc(668)] Failed to read DnsConfig.
[1117/195849.521:WARNING:dns_config_service_win.cc(668)] Failed to read DnsConfig.
[1117/195854.535:WARNING:dns_config_service_win.cc(668)] Failed to read DnsConfig.
[1117/195859.542:WARNING:dns_config_service_win.cc(668)] Failed to read DnsConfig.
[1117/195904.559:WARNING:dns_config_service_win.cc(668)] Failed to read DnsConfig.
[1117/195909.565:WARNING:dns_config_service_win.cc(668)] Failed to read DnsConfig.
[1117/195914.573:WARNING:dns_config_service_win.cc(668)] Failed to read DnsConfig.
[1117/195919.582:WARNING:dns_config_service_win.cc(668)] Failed to read DnsConfig.
[1117/195924.593:WARNING:dns_config_service_win.cc(668)] Failed to read DnsConfig.
[1117/195929.610:WARNING:dns_config_service_win.cc(668)] Failed to read DnsConfig.
[1117/195934.621:WARNING:dns_config_service_win.cc(668)] Failed to read DnsConfig.
[1117/195939.626:WARNING:dns_config_service_win.cc(668)] Failed to read DnsConfig.
[1117/195944.633:WARNING:dns_config_service_win.cc(668)] Failed to read DnsConfig.
[1117/195949.648:WARNING:dns_config_service_win.cc(668)] Failed to read DnsConfig.
[1117/195954.659:WARNING:dns_config_service_win.cc(668)] Failed to read DnsConfig.
[1117/195959.668:WARNING:dns_config_service_win.cc(668)] Failed to read DnsConfig.
[1117/200004.678:WARNING:dns_config_service_win.cc(668)] Failed to read DnsConfig.
[1117/200009.692:WARNING:dns_config_service_win.cc(668)] Failed to read DnsConfig.
[1117/200014.709:WARNING:dns_config_service_win.cc(668)] Failed to read DnsConfig.
[1117/200019.723:WARNING:dns_config_service_win.cc(668)] Failed to read DnsConfig.
[1117/200024.741:WARNING:dns_config_service_win.cc(668)] Failed to read DnsConfig.
[1117/200029.757:WARNING:dns_config_service_win.cc(668)] Failed to read DnsConfig.
[1117/200034.774:WARNING:dns_config_service_win.cc(668)] Failed to read DnsConfig.
[1117/200039.789:WARNING:dns_config_service_win.cc(668)] Failed to read DnsConfig.
[1117/200044.802:WARNING:dns_config_service_win.cc(668)] Failed to read DnsConfig.
[1117/200049.815:WARNING:dns_config_service_win.cc(668)] Failed to read DnsConfig.
[1117/200054.823:WARNING:dns_config_service_win.cc(668)] Failed to read DnsConfig.
[1117/200059.830:WARNING:dns_config_service_win.cc(668)] Failed to read DnsConfig.
[1117/200104.850:WARNING:dns_config_service_win.cc(668)] Failed to read DnsConfig.
[1117/200109.859:WARNING:dns_config_service_win.cc(668)] Failed to read DnsConfig.
[1117/200114.874:WARNING:dns_config_service_win.cc(668)] Failed to read DnsConfig.
[1117/200119.890:WARNING:dns_config_service_win.cc(668)] Failed to read DnsConfig.
[1117/200124.897:WARNING:dns_config_service_win.cc(668)] Failed to read DnsConfig.
[1117/200129.916:WARNING:dns_config_service_win.cc(668)] Failed to read DnsConfig.
[1117/200134.929:WARNING:dns_config_service_win.cc(668)] Failed to read DnsConfig.
[1117/200139.939:WARNING:dns_config_service_win.cc(668)] Failed to read DnsConfig.
[1117/200144.952:WARNING:dns_config_service_win.cc(668)] Failed to read DnsConfig.
[1117/200150.011:WARNING:dns_config_service_win.cc(668)] Failed to read DnsConfig.
[1117/200155.025:WARNING:dns_config_service_win.cc(668)] Failed to read DnsConfig.
[1117/200200.041:WARNING:dns_config_service_win.cc(668)] Failed to read DnsConfig.
[1117/200205.051:WARNING:dns_config_service_win.cc(668)] Failed to read DnsConfig.
[1117/200210.060:WARNING:dns_config_service_win.cc(668)] Failed to read DnsConfig.
[1117/200215.066:WARNING:dns_config_service_win.cc(668)] Failed to read DnsConfig.
[1117/200220.079:WARNING:dns_config_service_win.cc(668)] Failed to read DnsConfig.
[1117/200225.092:WARNING:dns_config_service_win.cc(668)] Failed to read DnsConfig.
[1117/200230.106:WARNING:dns_config_service_win.cc(668)] Failed to read DnsConfig.
[1117/200235.124:WARNING:dns_config_service_win.cc(668)] Failed to read DnsConfig.
[1117/200240.145:WARNING:dns_config_service_win.cc(668)] Failed to read DnsConfig.
[1117/200245.165:WARNING:dns_config_service_win.cc(668)] Failed to read DnsConfig.
[1117/200250.174:WARNING:dns_config_service_win.cc(668)] Failed to read DnsConfig.
[1117/200255.184:WARNING:dns_config_service_win.cc(668)] Failed to read DnsConfig.
[1117/200300.197:WARNING:dns_config_service_win.cc(668)] Failed to read DnsConfig.
[1117/200305.214:WARNING:dns_config_service_win.cc(668)] Failed to read DnsConfig.
[1117/200310.224:WARNING:dns_config_service_win.cc(668)] Failed to read DnsConfig.
[1117/200315.240:WARNING:dns_config_service_win.cc(668)] Failed to read DnsConfig.
[1117/200320.259:WARNING:dns_config_service_win.cc(668)] Failed to read DnsConfig.
[1117/200325.276:WARNING:dns_config_service_win.cc(668)] Failed to read DnsConfig.
[1117/200330.287:WARNING:dns_config_service_win.cc(668)] Failed to read DnsConfig.
[1117/200335.304:WARNING:dns_config_service_win.cc(668)] Failed to read DnsConfig.
[1117/200340.321:WARNING:dns_config_service_win.cc(668)] Failed to read DnsConfig.
[1117/200345.338:WARNING:dns_config_service_win.cc(668)] Failed to read DnsConfig.
[1117/200350.354:WARNING:dns_config_service_win.cc(668)] Failed to read DnsConfig.
[1117/200355.367:WARNING:dns_config_service_win.cc(668)] Failed to read DnsConfig.
[1117/200400.376:WARNING:dns_config_service_win.cc(668)] Failed to read DnsConfig.
[1117/200405.386:WARNING:dns_config_service_win.cc(668)] Failed to read DnsConfig.
[1117/200410.396:WARNING:dns_config_service_win.cc(668)] Failed to read DnsConfig.
[1117/200415.414:WARNING:dns_config_service_win.cc(668)] Failed to read DnsConfig.
[1117/200420.426:WARNING:dns_config_service_win.cc(668)] Failed to read DnsConfig.
[1117/200425.444:WARNING:dns_config_service_win.cc(668)] Failed to read DnsConfig.
[1117/200430.453:WARNING:dns_config_service_win.cc(668)] Failed to read DnsConfig.
[1117/200435.467:WARNING:dns_config_service_win.cc(668)] Failed to read DnsConfig.
[1117/200440.480:WARNING:dns_config_service_win.cc(668)] Failed to read DnsConfig.
[1117/200445.496:WARNING:dns_config_service_win.cc(668)] Failed to read DnsConfig.
[1117/200450.502:WARNING:dns_config_service_win.cc(668)] Failed to read DnsConfig.
[1117/200455.521:WARNING:dns_config_service_win.cc(668)] Failed to read DnsConfig.
[1117/200500.535:WARNING:dns_config_service_win.cc(668)] Failed to read DnsConfig.
[1117/200505.549:WARNING:dns_config_service_win.cc(668)] Failed to read DnsConfig.
[1117/200510.565:WARNING:dns_config_service_win.cc(668)] Failed to read DnsConfig.
[1117/200515.574:WARNING:dns_config_service_win.cc(668)] Failed to read DnsConfig.
[1117/200520.583:WARNING:dns_config_service_win.cc(668)] Failed to read DnsConfig.
[1117/200525.593:WARNING:dns_config_service_win.cc(668)] Failed to read DnsConfig.
[1117/200530.607:WARNING:dns_config_service_win.cc(668)] Failed to read DnsConfig.
[1117/200535.620:WARNING:dns_config_service_win.cc(668)] Failed to read DnsConfig.
[1117/200540.635:WARNING:dns_config_service_win.cc(668)] Failed to read DnsConfig.
[1117/200545.644:WARNING:dns_config_service_win.cc(668)] Failed to read DnsConfig.
[1117/200550.650:WARNING:dns_config_service_win.cc(668)] Failed to read DnsConfig.
[1117/200555.669:WARNING:dns_config_service_win.cc(668)] Failed to read DnsConfig.
[1117/200600.686:WARNING:dns_config_service_win.cc(668)] Failed to read DnsConfig.
[1117/222905.963:WARNING:dns_config_service_win.cc(668)] Failed to read DnsConfig.
[0104/064053.035:WARNING:angle_platform_impl.cc(52)] compileToBinary(230): 
C:\fakepath(57,8-58): warning X3571: pow(f, e) will not work for negative f, use abs(f) or conditionally handle negative values if you expect them
C:\fakepath(65,8-28): warning X3571: pow(f, e) will not work for negative f, use abs(f) or conditionally handle negative values if you expect them

[0104/064358.785:INFO:CONSOLE(1)] "Long rAF frame-time", source: file:///C:/Program%20Files/Adobe/Adobe%20Photoshop%202021%20(Prerelease)/Required/www-rich-tooltips/build/external.js (1)
[0104/064359.006:ERROR:mf_helpers.cc(14)] Error in dxva_video_decode_accelerator_win.cc on line 1612
[0104/064359.006:ERROR:mf_helpers.cc(14)] Error in dxva_video_decode_accelerator_win.cc on line 842
[0104/064359.042:WARNING:angle_platform_impl.cc(52)] compileToBinary(230): 
C:\fakepath(69,8-58): warning X3571: pow(f, e) will not work for negative f, use abs(f) or conditionally handle negative values if you expect them
C:\fakepath(77,8-28): warning X3571: pow(f, e) will not work for negative f, use abs(f) or conditionally handle negative values if you expect them

[0104/161027.691:WARNING:dns_config_service_win.cc(668)] Failed to read DnsConfig.
[0104/234547.985:WARNING:dns_config_service_win.cc(668)] Failed to read DnsConfig.
[0105/185325.536:INFO:CONSOLE(1)] "Hiding message due to error: Could not find the screen of the target", source: file:///C:/Program%20Files/Adobe/Adobe%20Photoshop%202021%20(Prerelease)/Required/www-butler/build/spaces.js (1)
[0105/190116.899:ERROR:mf_helpers.cc(14)] Error in dxva_video_decode_accelerator_win.cc on line 1612
[0105/190116.900:ERROR:mf_helpers.cc(14)] Error in dxva_video_decode_accelerator_win.cc on line 842
[0105/192947.038:ERROR:mf_helpers.cc(14)] Error in dxva_video_decode_accelerator_win.cc on line 1612
[0105/192947.038:ERROR:mf_helpers.cc(14)] Error in dxva_video_decode_accelerator_win.cc on line 842
[0105/203644.907:ERROR:mf_helpers.cc(14)] Error in dxva_video_decode_accelerator_win.cc on line 1612
[0105/203644.907:ERROR:mf_helpers.cc(14)] Error in dxva_video_decode_accelerator_win.cc on line 842
[0105/204236.137:ERROR:mf_helpers.cc(14)] Error in dxva_video_decode_accelerator_win.cc on line 1612
[0105/204236.137:ERROR:mf_helpers.cc(14)] Error in dxva_video_decode_accelerator_win.cc on line 842
[0105/232558.636:WARNING:dns_config_service_win.cc(668)] Failed to read DnsConfig.
[0105/232603.669:WARNING:dns_config_service_win.cc(668)] Failed to read DnsConfig.
[0105/232608.714:WARNING:dns_config_service_win.cc(668)] Failed to read DnsConfig.
[0105/232613.734:WARNING:dns_config_service_win.cc(668)] Failed to read DnsConfig.
[0105/232618.768:WARNING:dns_config_service_win.cc(668)] Failed to read DnsConfig.
[0105/232623.783:WARNING:dns_config_service_win.cc(668)] Failed to read DnsConfig.
[0105/232628.819:WARNING:dns_config_service_win.cc(668)] Failed to read DnsConfig.
[0105/232633.869:WARNING:dns_config_service_win.cc(668)] Failed to read DnsConfig.
[0105/232638.904:WARNING:dns_config_service_win.cc(668)] Failed to read DnsConfig.
[0105/232643.993:WARNING:dns_config_service_win.cc(668)] Failed to read DnsConfig.
[0105/232649.007:WARNING:dns_config_service_win.cc(668)] Failed to read DnsConfig.
[0105/232654.023:WARNING:dns_config_service_win.cc(668)] Failed to read DnsConfig.
[0105/232659.052:WARNING:dns_config_service_win.cc(668)] Failed to read DnsConfig.
[0105/232704.070:WARNING:dns_config_service_win.cc(668)] Failed to read DnsConfig.
[0105/232709.099:WARNING:dns_config_service_win.cc(668)] Failed to read DnsConfig.
[0105/232714.112:WARNING:dns_config_service_win.cc(668)] Failed to read DnsConfig.
[0105/232719.135:WARNING:dns_config_service_win.cc(668)] Failed to read DnsConfig.
[0105/232724.161:WARNING:dns_config_service_win.cc(668)] Failed to read DnsConfig.
[0105/232729.180:WARNING:dns_config_service_win.cc(668)] Failed to read DnsConfig.
[0105/232734.202:WARNING:dns_config_service_win.cc(668)] Failed to read DnsConfig.
[0105/232739.246:WARNING:dns_config_service_win.cc(668)] Failed to read DnsConfig.
[0105/232744.266:WARNING:dns_config_service_win.cc(668)] Failed to read DnsConfig.
[0105/232749.290:WARNING:dns_config_service_win.cc(668)] Failed to read DnsConfig.
[0105/232754.320:WARNING:dns_config_service_win.cc(668)] Failed to read DnsConfig.
[0105/232759.343:WARNING:dns_config_service_win.cc(668)] Failed to read DnsConfig.
[0105/232804.355:WARNING:dns_config_service_win.cc(668)] Failed to read DnsConfig.
[0105/232809.368:WARNING:dns_config_service_win.cc(668)] Failed to read DnsConfig.
[0105/232814.388:WARNING:dns_config_service_win.cc(668)] Failed to read DnsConfig.
[0105/232819.408:WARNING:dns_config_service_win.cc(668)] Failed to read DnsConfig.
[0105/232824.433:WARNING:dns_config_service_win.cc(668)] Failed to read DnsConfig.
[0105/232829.452:WARNING:dns_config_service_win.cc(668)] Failed to read DnsConfig.
[0105/232834.474:WARNING:dns_config_service_win.cc(668)] Failed to read DnsConfig.
[0105/232839.490:WARNING:dns_config_service_win.cc(668)] Failed to read DnsConfig.
[0105/232844.504:WARNING:dns_config_service_win.cc(668)] Failed to read DnsConfig.
[0105/232849.518:WARNING:dns_config_service_win.cc(668)] Failed to read DnsConfig.
[0105/232854.530:WARNING:dns_config_service_win.cc(668)] Failed to read DnsConfig.
[0105/232859.540:WARNING:dns_config_service_win.cc(668)] Failed to read DnsConfig.
[0105/232904.569:WARNING:dns_config_service_win.cc(668)] Failed to read DnsConfig.
[0105/232909.583:WARNING:dns_config_service_win.cc(668)] Failed to read DnsConfig.
[0105/232914.595:WARNING:dns_config_service_win.cc(668)] Failed to read DnsConfig.
[0105/232919.613:WARNING:dns_config_service_win.cc(668)] Failed to read DnsConfig.
[0105/232924.620:WARNING:dns_config_service_win.cc(668)] Failed to read DnsConfig.
[0105/232929.645:WARNING:dns_config_service_win.cc(668)] Failed to read DnsConfig.
[0105/232934.824:WARNING:dns_config_service_win.cc(668)] Failed to read DnsConfig.
[0105/232939.860:WARNING:dns_config_service_win.cc(668)] Failed to read DnsConfig.
[0105/232944.961:WARNING:dns_config_service_win.cc(668)] Failed to read DnsConfig.
[0105/232949.998:WARNING:dns_config_service_win.cc(668)] Failed to read DnsConfig.
[0105/232955.106:WARNING:dns_config_service_win.cc(668)] Failed to read DnsConfig.
[0105/233000.113:WARNING:dns_config_service_win.cc(668)] Failed to read DnsConfig.
[0105/233005.130:WARNING:dns_config_service_win.cc(668)] Failed to read DnsConfig.
[0105/233010.142:WARNING:dns_config_service_win.cc(668)] Failed to read DnsConfig.
[0105/233015.159:WARNING:dns_config_service_win.cc(668)] Failed to read DnsConfig.
[0105/233020.180:WARNING:dns_config_service_win.cc(668)] Failed to read DnsConfig.
[0105/233025.219:WARNING:dns_config_service_win.cc(668)] Failed to read DnsConfig.
[0105/233030.242:WARNING:dns_config_service_win.cc(668)] Failed to read DnsConfig.
[0105/233035.265:WARNING:dns_config_service_win.cc(668)] Failed to read DnsConfig.
[0105/233040.292:WARNING:dns_config_service_win.cc(668)] Failed to read DnsConfig.
[0105/233045.352:WARNING:dns_config_service_win.cc(668)] Failed to read DnsConfig.
[0105/233050.371:WARNING:dns_config_service_win.cc(668)] Failed to read DnsConfig.
[0105/233055.385:WARNING:dns_config_service_win.cc(668)] Failed to read DnsConfig.
[0105/233100.409:WARNING:dns_config_service_win.cc(668)] Failed to read DnsConfig.
[0105/233105.426:WARNING:dns_config_service_win.cc(668)] Failed to read DnsConfig.
[0105/233110.446:WARNING:dns_config_service_win.cc(668)] Failed to read DnsConfig.
[0105/233115.467:WARNING:dns_config_service_win.cc(668)] Failed to read DnsConfig.
[0105/233120.485:WARNING:dns_config_service_win.cc(668)] Failed to read DnsConfig.
[0105/233125.514:WARNING:dns_config_service_win.cc(668)] Failed to read DnsConfig.
[0105/233130.633:WARNING:dns_config_service_win.cc(668)] Failed to read DnsConfig.
[0105/233135.652:WARNING:dns_config_service_win.cc(668)] Failed to read DnsConfig.
[0105/233140.857:WARNING:dns_config_service_win.cc(668)] Failed to read DnsConfig.
[0105/233145.868:WARNING:dns_config_service_win.cc(668)] Failed to read DnsConfig.
[0105/233150.956:WARNING:dns_config_service_win.cc(668)] Failed to read DnsConfig.
[0105/233155.973:WARNING:dns_config_service_win.cc(668)] Failed to read DnsConfig.
[0105/233200.995:WARNING:dns_config_service_win.cc(668)] Failed to read DnsConfig.
[0105/233206.008:WARNING:dns_config_service_win.cc(668)] Failed to read DnsConfig.
[0105/233211.025:WARNING:dns_config_service_win.cc(668)] Failed to read DnsConfig.
[0105/233216.051:WARNING:dns_config_service_win.cc(668)] Failed to read DnsConfig.
[0105/233221.075:WARNING:dns_config_service_win.cc(668)] Failed to read DnsConfig.
[0105/233226.095:WARNING:dns_config_service_win.cc(668)] Failed to read DnsConfig.
[0105/233231.119:WARNING:dns_config_service_win.cc(668)] Failed to read DnsConfig.
[0105/233236.142:WARNING:dns_config_service_win.cc(668)] Failed to read DnsConfig.
[0105/233241.162:WARNING:dns_config_service_win.cc(668)] Failed to read DnsConfig.
[0105/233246.180:WARNING:dns_config_service_win.cc(668)] Failed to read DnsConfig.
[0105/233251.205:WARNING:dns_config_service_win.cc(668)] Failed to read DnsConfig.
[0105/233256.232:WARNING:dns_config_service_win.cc(668)] Failed to read DnsConfig.
[0105/233301.256:WARNING:dns_config_service_win.cc(668)] Failed to read DnsConfig.
[0105/233306.282:WARNING:dns_config_service_win.cc(668)] Failed to read DnsConfig.
[0105/233311.302:WARNING:dns_config_service_win.cc(668)] Failed to read DnsConfig.
[0105/233316.317:WARNING:dns_config_service_win.cc(668)] Failed to read DnsConfig.
[0105/233321.328:WARNING:dns_config_service_win.cc(668)] Failed to read DnsConfig.
[0105/233326.383:WARNING:dns_config_service_win.cc(668)] Failed to read DnsConfig.
[0105/233331.397:WARNING:dns_config_service_win.cc(668)] Failed to read DnsConfig.
[0105/233336.411:WARNING:dns_config_service_win.cc(668)] Failed to read DnsConfig.
[0105/233341.424:WARNING:dns_config_service_win.cc(668)] Failed to read DnsConfig.
[0105/233346.447:WARNING:dns_config_service_win.cc(668)] Failed to read DnsConfig.
[0105/233351.457:WARNING:dns_config_service_win.cc(668)] Failed to read DnsConfig.
[0105/233356.480:WARNING:dns_config_service_win.cc(668)] Failed to read DnsConfig.
[0105/233401.499:WARNING:dns_config_service_win.cc(668)] Failed to read DnsConfig.
[0105/233406.510:WARNING:dns_config_service_win.cc(668)] Failed to read DnsConfig.
[0105/233411.529:WARNING:dns_config_service_win.cc(668)] Failed to read DnsConfig.
[0105/233416.549:WARNING:dns_config_service_win.cc(668)] Failed to read DnsConfig.
[0105/233421.562:WARNING:dns_config_service_win.cc(668)] Failed to read DnsConfig.
[0105/233426.573:WARNING:dns_config_service_win.cc(668)] Failed to read DnsConfig.
[0105/233431.588:WARNING:dns_config_service_win.cc(668)] Failed to read DnsConfig.
[0105/233436.613:WARNING:dns_config_service_win.cc(668)] Failed to read DnsConfig.
[0105/233441.627:WARNING:dns_config_service_win.cc(668)] Failed to read DnsConfig.
[0105/233446.638:WARNING:dns_config_service_win.cc(668)] Failed to read DnsConfig.
[0105/233451.656:WARNING:dns_config_service_win.cc(668)] Failed to read DnsConfig.
[0105/233456.670:WARNING:dns_config_service_win.cc(668)] Failed to read DnsConfig.
[0105/233501.682:WARNING:dns_config_service_win.cc(668)] Failed to read DnsConfig.
[0105/233506.718:WARNING:dns_config_service_win.cc(668)] Failed to read DnsConfig.
[0105/233511.738:WARNING:dns_config_service_win.cc(668)] Failed to read DnsConfig.
[0105/233516.763:WARNING:dns_config_service_win.cc(668)] Failed to read DnsConfig.
[0105/233521.782:WARNING:dns_config_service_win.cc(668)] Failed to read DnsConfig.
[0105/233526.797:WARNING:dns_config_service_win.cc(668)] Failed to read DnsConfig.
[0105/233531.821:WARNING:dns_config_service_win.cc(668)] Failed to read DnsConfig.
[0105/233536.842:WARNING:dns_config_service_win.cc(668)] Failed to read DnsConfig.
[0105/233541.864:WARNING:dns_config_service_win.cc(668)] Failed to read DnsConfig.
[0105/233546.888:WARNING:dns_config_service_win.cc(668)] Failed to read DnsConfig.
[0105/233551.908:WARNING:dns_config_service_win.cc(668)] Failed to read DnsConfig.
[0105/233556.931:WARNING:dns_config_service_win.cc(668)] Failed to read DnsConfig.
[0105/233601.942:WARNING:dns_config_service_win.cc(668)] Failed to read DnsConfig.
[0105/233606.965:WARNING:dns_config_service_win.cc(668)] Failed to read DnsConfig.
[0105/233612.144:WARNING:dns_config_service_win.cc(668)] Failed to read DnsConfig.
[0105/233617.163:WARNING:dns_config_service_win.cc(668)] Failed to read DnsConfig.
[0105/233622.367:WARNING:dns_config_service_win.cc(668)] Failed to read DnsConfig.
[0105/233627.383:WARNING:dns_config_service_win.cc(668)] Failed to read DnsConfig.
[0105/233632.409:WARNING:dns_config_service_win.cc(668)] Failed to read DnsConfig.
[0105/233637.432:WARNING:dns_config_service_win.cc(668)] Failed to read DnsConfig.
[0105/233642.451:WARNING:dns_config_service_win.cc(668)] Failed to read DnsConfig.
[0105/233647.473:WARNING:dns_config_service_win.cc(668)] Failed to read DnsConfig.
[0105/233652.499:WARNING:dns_config_service_win.cc(668)] Failed to read DnsConfig.
[0105/233657.510:WARNING:dns_config_service_win.cc(668)] Failed to read DnsConfig.
[0105/233702.525:WARNING:dns_config_service_win.cc(668)] Failed to read DnsConfig.
[0105/233707.550:WARNING:dns_config_service_win.cc(668)] Failed to read DnsConfig.
[0105/233712.563:WARNING:dns_config_service_win.cc(668)] Failed to read DnsConfig.
[0105/233717.570:WARNING:dns_config_service_win.cc(668)] Failed to read DnsConfig.
[0105/233722.587:WARNING:dns_config_service_win.cc(668)] Failed to read DnsConfig.
[0105/233727.608:WARNING:dns_config_service_win.cc(668)] Failed to read DnsConfig.
[0105/233732.628:WARNING:dns_config_service_win.cc(668)] Failed to read DnsConfig.
[0105/233737.638:WARNING:dns_config_service_win.cc(668)] Failed to read DnsConfig.
[0105/233742.668:WARNING:dns_config_service_win.cc(668)] Failed to read DnsConfig.
[0105/233747.694:WARNING:dns_config_service_win.cc(668)] Failed to read DnsConfig.
[0105/233752.714:WARNING:dns_config_service_win.cc(668)] Failed to read DnsConfig.
[0105/233757.726:WARNING:dns_config_service_win.cc(668)] Failed to read DnsConfig.
[0105/233802.742:WARNING:dns_config_service_win.cc(668)] Failed to read DnsConfig.
[0105/233807.848:WARNING:dns_config_service_win.cc(668)] Failed to read DnsConfig.
[0105/233812.860:WARNING:dns_config_service_win.cc(668)] Failed to read DnsConfig.
[0105/233818.018:WARNING:dns_config_service_win.cc(668)] Failed to read DnsConfig.
[0105/233823.026:WARNING:dns_config_service_win.cc(668)] Failed to read DnsConfig.
[0105/233828.137:WARNING:dns_config_service_win.cc(668)] Failed to read DnsConfig.
[0105/233833.155:WARNING:dns_config_service_win.cc(668)] Failed to read DnsConfig.
[0105/233838.178:WARNING:dns_config_service_win.cc(668)] Failed to read DnsConfig.
[0105/233843.199:WARNING:dns_config_service_win.cc(668)] Failed to read DnsConfig.
[0105/233848.232:WARNING:dns_config_service_win.cc(668)] Failed to read DnsConfig.
[0105/233853.256:WARNING:dns_config_service_win.cc(668)] Failed to read DnsConfig.
[0105/233858.278:WARNING:dns_config_service_win.cc(668)] Failed to read DnsConfig.
[0105/233903.293:WARNING:dns_config_service_win.cc(668)] Failed to read DnsConfig.
[0105/233908.306:WARNING:dns_config_service_win.cc(668)] Failed to read DnsConfig.
[0105/233913.321:WARNING:dns_config_service_win.cc(668)] Failed to read DnsConfig.
[0105/233918.351:WARNING:dns_config_service_win.cc(668)] Failed to read DnsConfig.
[0105/233923.374:WARNING:dns_config_service_win.cc(668)] Failed to read DnsConfig.
[0105/233928.382:WARNING:dns_config_service_win.cc(668)] Failed to read DnsConfig.
[0105/233933.400:WARNING:dns_config_service_win.cc(668)] Failed to read DnsConfig.
[0105/233938.409:WARNING:dns_config_service_win.cc(668)] Failed to read DnsConfig.
[0105/233943.420:WARNING:dns_config_service_win.cc(668)] Failed to read DnsConfig.
[0105/233948.440:WARNING:dns_config_service_win.cc(668)] Failed to read DnsConfig.
[0105/233953.455:WARNING:dns_config_service_win.cc(668)] Failed to read DnsConfig.
[0105/233958.467:WARNING:dns_config_service_win.cc(668)] Failed to read DnsConfig.
[0105/234003.488:WARNING:dns_config_service_win.cc(668)] Failed to read DnsConfig.
[0105/234008.498:WARNING:dns_config_service_win.cc(668)] Failed to read DnsConfig.
[0105/234013.523:WARNING:dns_config_service_win.cc(668)] Failed to read DnsConfig.
[0105/234018.545:WARNING:dns_config_service_win.cc(668)] Failed to read DnsConfig.
[0105/234023.568:WARNING:dns_config_service_win.cc(668)] Failed to read DnsConfig.
[0105/234028.582:WARNING:dns_config_service_win.cc(668)] Failed to read DnsConfig.
[0105/234033.605:WARNING:dns_config_service_win.cc(668)] Failed to read DnsConfig.
[0105/234038.615:WARNING:dns_config_service_win.cc(668)] Failed to read DnsConfig.
[0105/234043.639:WARNING:dns_config_service_win.cc(668)] Failed to read DnsConfig.
[0105/234048.682:WARNING:dns_config_service_win.cc(668)] Failed to read DnsConfig.
[0105/234053.714:WARNING:dns_config_service_win.cc(668)] Failed to read DnsConfig.
[0105/234058.730:WARNING:dns_config_service_win.cc(668)] Failed to read DnsConfig.
[0105/234103.752:WARNING:dns_config_service_win.cc(668)] Failed to read DnsConfig.
[0105/234108.785:WARNING:dns_config_service_win.cc(668)] Failed to read DnsConfig.
[0105/234113.805:WARNING:dns_config_service_win.cc(668)] Failed to read DnsConfig.
[0105/234118.830:WARNING:dns_config_service_win.cc(668)] Failed to read DnsConfig.
[0105/234123.858:WARNING:dns_config_service_win.cc(668)] Failed to read DnsConfig.
[0105/234128.880:WARNING:dns_config_service_win.cc(668)] Failed to read DnsConfig.
[0105/234133.891:WARNING:dns_config_service_win.cc(668)] Failed to read DnsConfig.
[0105/234138.904:WARNING:dns_config_service_win.cc(668)] Failed to read DnsConfig.
[0105/234143.921:WARNING:dns_config_service_win.cc(668)] Failed to read DnsConfig.
[0105/234148.938:WARNING:dns_config_service_win.cc(668)] Failed to read DnsConfig.
[0105/234153.959:WARNING:dns_config_service_win.cc(668)] Failed to read DnsConfig.
[0105/234158.985:WARNING:dns_config_service_win.cc(668)] Failed to read DnsConfig.
[0105/234203.995:WARNING:dns_config_service_win.cc(668)] Failed to read DnsConfig.
[0105/234209.019:WARNING:dns_config_service_win.cc(668)] Failed to read DnsConfig.
[0105/234214.050:WARNING:dns_config_service_win.cc(668)] Failed to read DnsConfig.
[0105/234219.136:WARNING:dns_config_service_win.cc(668)] Failed to read DnsConfig.
[0105/234224.219:WARNING:dns_config_service_win.cc(668)] Failed to read DnsConfig.
[0105/234229.370:WARNING:dns_config_service_win.cc(668)] Failed to read DnsConfig.
[0105/234234.386:WARNING:dns_config_service_win.cc(668)] Failed to read DnsConfig.
[0105/234239.568:WARNING:dns_config_service_win.cc(668)] Failed to read DnsConfig.
[0105/234244.596:WARNING:dns_config_service_win.cc(668)] Failed to read DnsConfig.
[0105/234249.779:WARNING:dns_config_service_win.cc(668)] Failed to read DnsConfig.
[0105/234254.794:WARNING:dns_config_service_win.cc(668)] Failed to read DnsConfig.
[0105/234259.963:WARNING:dns_config_service_win.cc(668)] Failed to read DnsConfig.
[0105/234304.986:WARNING:dns_config_service_win.cc(668)] Failed to read DnsConfig.
[0105/234310.053:WARNING:dns_config_service_win.cc(668)] Failed to read DnsConfig.
[0105/234315.068:WARNING:dns_config_service_win.cc(668)] Failed to read DnsConfig.
[0105/234320.081:WARNING:dns_config_service_win.cc(668)] Failed to read DnsConfig.
[0105/234325.107:WARNING:dns_config_service_win.cc(668)] Failed to read DnsConfig.
[0105/234330.124:WARNING:dns_config_service_win.cc(668)] Failed to read DnsConfig.
[0105/234335.148:WARNING:dns_config_service_win.cc(668)] Failed to read DnsConfig.
[0105/234340.157:WARNING:dns_config_service_win.cc(668)] Failed to read DnsConfig.
[0105/234345.174:WARNING:dns_config_service_win.cc(668)] Failed to read DnsConfig.
[0105/234350.185:WARNING:dns_config_service_win.cc(668)] Failed to read DnsConfig.
[0105/234355.200:WARNING:dns_config_service_win.cc(668)] Failed to read DnsConfig.
[0105/234400.213:WARNING:dns_config_service_win.cc(668)] Failed to read DnsConfig.
[0105/234405.228:WARNING:dns_config_service_win.cc(668)] Failed to read DnsConfig.
[0105/234410.248:WARNING:dns_config_service_win.cc(668)] Failed to read DnsConfig.
[0105/234415.269:WARNING:dns_config_service_win.cc(668)] Failed to read DnsConfig.
[0105/234420.279:WARNING:dns_config_service_win.cc(668)] Failed to read DnsConfig.
[0105/234425.297:WARNING:dns_config_service_win.cc(668)] Failed to read DnsConfig.
[0105/234430.322:WARNING:dns_config_service_win.cc(668)] Failed to read DnsConfig.
[0105/234435.329:WARNING:dns_config_service_win.cc(668)] Failed to read DnsConfig.
[0105/234440.345:WARNING:dns_config_service_win.cc(668)] Failed to read DnsConfig.
[0105/234445.358:WARNING:dns_config_service_win.cc(668)] Failed to read DnsConfig.
[0105/234450.369:WARNING:dns_config_service_win.cc(668)] Failed to read DnsConfig.
[0105/234455.429:WARNING:dns_config_service_win.cc(668)] Failed to read DnsConfig.
[0105/234500.444:WARNING:dns_config_service_win.cc(668)] Failed to read DnsConfig.
[0105/234505.558:WARNING:dns_config_service_win.cc(668)] Failed to read DnsConfig.
[0105/234510.565:WARNING:dns_config_service_win.cc(668)] Failed to read DnsConfig.
[0105/234515.579:WARNING:dns_config_service_win.cc(668)] Failed to read DnsConfig.
[0105/234520.599:WARNING:dns_config_service_win.cc(668)] Failed to read DnsConfig.
[0105/234525.607:WARNING:dns_config_service_win.cc(668)] Failed to read DnsConfig.
[0105/234530.622:WARNING:dns_config_service_win.cc(668)] Failed to read DnsConfig.
[0105/234535.649:WARNING:dns_config_service_win.cc(668)] Failed to read DnsConfig.
[0105/234540.662:WARNING:dns_config_service_win.cc(668)] Failed to read DnsConfig.
[0105/234545.690:WARNING:dns_config_service_win.cc(668)] Failed to read DnsConfig.
[0105/234550.705:WARNING:dns_config_service_win.cc(668)] Failed to read DnsConfig.
[0105/234555.728:WARNING:dns_config_service_win.cc(668)] Failed to read DnsConfig.
[0105/234600.751:WARNING:dns_config_service_win.cc(668)] Failed to read DnsConfig.
[0105/234605.767:WARNING:dns_config_service_win.cc(668)] Failed to read DnsConfig.
[0105/234610.785:WARNING:dns_config_service_win.cc(668)] Failed to read DnsConfig.
[0105/234615.805:WARNING:dns_config_service_win.cc(668)] Failed to read DnsConfig.
[0105/234620.826:WARNING:dns_config_service_win.cc(668)] Failed to read DnsConfig.
[0105/234625.852:WARNING:dns_config_service_win.cc(668)] Failed to read DnsConfig.
[0105/234630.869:WARNING:dns_config_service_win.cc(668)] Failed to read DnsConfig.
[0105/234635.890:WARNING:dns_config_service_win.cc(668)] Failed to read DnsConfig.
[0105/234640.903:WARNING:dns_config_service_win.cc(668)] Failed to read DnsConfig.
[0105/234645.921:WARNING:dns_config_service_win.cc(668)] Failed to read DnsConfig.
[0105/234650.946:WARNING:dns_config_service_win.cc(668)] Failed to read DnsConfig.
[0105/234655.961:WARNING:dns_config_service_win.cc(668)] Failed to read DnsConfig.
[0105/234700.979:WARNING:dns_config_service_win.cc(668)] Failed to read DnsConfig.
[0105/234706.084:WARNING:dns_config_service_win.cc(668)] Failed to read DnsConfig.
[0105/234711.103:WARNING:dns_config_service_win.cc(668)] Failed to read DnsConfig.
[0105/234716.185:WARNING:dns_config_service_win.cc(668)] Failed to read DnsConfig.
[0105/234721.195:WARNING:dns_config_service_win.cc(668)] Failed to read DnsConfig.
[0105/234726.218:WARNING:dns_config_service_win.cc(668)] Failed to read DnsConfig.
[0105/234731.228:WARNING:dns_config_service_win.cc(668)] Failed to read DnsConfig.
[0105/234736.249:WARNING:dns_config_service_win.cc(668)] Failed to read DnsConfig.
[0105/234741.273:WARNING:dns_config_service_win.cc(668)] Failed to read DnsConfig.
[0105/234746.284:WARNING:dns_config_service_win.cc(668)] Failed to read DnsConfig.
[0105/234751.310:WARNING:dns_config_service_win.cc(668)] Failed to read DnsConfig.
[0105/234756.333:WARNING:dns_config_service_win.cc(668)] Failed to read DnsConfig.
[0105/234801.344:WARNING:dns_config_service_win.cc(668)] Failed to read DnsConfig.
[0105/234806.363:WARNING:dns_config_service_win.cc(668)] Failed to read DnsConfig.
[0105/234811.384:WARNING:dns_config_service_win.cc(668)] Failed to read DnsConfig.
[0105/234816.402:WARNING:dns_config_service_win.cc(668)] Failed to read DnsConfig.
[0105/234821.418:WARNING:dns_config_service_win.cc(668)] Failed to read DnsConfig.
[0105/234826.438:WARNING:dns_config_service_win.cc(668)] Failed to read DnsConfig.
[0105/234831.450:WARNING:dns_config_service_win.cc(668)] Failed to read DnsConfig.
[0105/234836.471:WARNING:dns_config_service_win.cc(668)] Failed to read DnsConfig.
[0105/234841.488:WARNING:dns_config_service_win.cc(668)] Failed to read DnsConfig.
[0105/234846.509:WARNING:dns_config_service_win.cc(668)] Failed to read DnsConfig.
[0105/234851.526:WARNING:dns_config_service_win.cc(668)] Failed to read DnsConfig.
[0105/234856.540:WARNING:dns_config_service_win.cc(668)] Failed to read DnsConfig.
[0105/234901.553:WARNING:dns_config_service_win.cc(668)] Failed to read DnsConfig.
[0105/234906.575:WARNING:dns_config_service_win.cc(668)] Failed to read DnsConfig.
[0105/234911.589:WARNING:dns_config_service_win.cc(668)] Failed to read DnsConfig.
[0105/234916.609:WARNING:dns_config_service_win.cc(668)] Failed to read DnsConfig.
[0105/234921.622:WARNING:dns_config_service_win.cc(668)] Failed to read DnsConfig.
[0105/234926.632:WARNING:dns_config_service_win.cc(668)] Failed to read DnsConfig.
[0105/234931.718:WARNING:dns_config_service_win.cc(668)] Failed to read DnsConfig.
[0105/234936.727:WARNING:dns_config_service_win.cc(668)] Failed to read DnsConfig.
[0105/234941.778:WARNING:dns_config_service_win.cc(668)] Failed to read DnsConfig.
[0105/234946.834:WARNING:dns_config_service_win.cc(668)] Failed to read DnsConfig.
[0105/234951.919:WARNING:dns_config_service_win.cc(668)] Failed to read DnsConfig.
[0105/234956.957:WARNING:dns_config_service_win.cc(668)] Failed to read DnsConfig.
[0105/235002.029:WARNING:dns_config_service_win.cc(668)] Failed to read DnsConfig.
[0105/235007.090:WARNING:dns_config_service_win.cc(668)] Failed to read DnsConfig.
[0105/235012.199:WARNING:dns_config_service_win.cc(668)] Failed to read DnsConfig.
[0105/235017.319:WARNING:dns_config_service_win.cc(668)] Failed to read DnsConfig.
[0105/235022.404:WARNING:dns_config_service_win.cc(668)] Failed to read DnsConfig.
[0105/235027.532:WARNING:dns_config_service_win.cc(668)] Failed to read DnsConfig.
[0105/235032.638:WARNING:dns_config_service_win.cc(668)] Failed to read DnsConfig.
[0105/235037.733:WARNING:dns_config_service_win.cc(668)] Failed to read DnsConfig.
[0105/235042.760:WARNING:dns_config_service_win.cc(668)] Failed to read DnsConfig.
[0105/235047.909:WARNING:dns_config_service_win.cc(668)] Failed to read DnsConfig.
[0105/235052.928:WARNING:dns_config_service_win.cc(668)] Failed to read DnsConfig.
[0105/235058.091:WARNING:dns_config_service_win.cc(668)] Failed to read DnsConfig.
[0105/235103.104:WARNING:dns_config_service_win.cc(668)] Failed to read DnsConfig.
[0105/235108.289:WARNING:dns_config_service_win.cc(668)] Failed to read DnsConfig.
[0105/235113.314:WARNING:dns_config_service_win.cc(668)] Failed to read DnsConfig.
[0105/235118.392:WARNING:dns_config_service_win.cc(668)] Failed to read DnsConfig.
[0105/235123.413:WARNING:dns_config_service_win.cc(668)] Failed to read DnsConfig.
[0105/235128.439:WARNING:dns_config_service_win.cc(668)] Failed to read DnsConfig.
[0105/235133.449:WARNING:dns_config_service_win.cc(668)] Failed to read DnsConfig.
[0105/235138.477:WARNING:dns_config_service_win.cc(668)] Failed to read DnsConfig.
[0105/235143.494:WARNING:dns_config_service_win.cc(668)] Failed to read DnsConfig.
[0105/235148.505:WARNING:dns_config_service_win.cc(668)] Failed to read DnsConfig.
[0105/235153.520:WARNING:dns_config_service_win.cc(668)] Failed to read DnsConfig.
[0105/235158.538:WARNING:dns_config_service_win.cc(668)] Failed to read DnsConfig.
[0105/235203.555:WARNING:dns_config_service_win.cc(668)] Failed to read DnsConfig.
[0105/235208.590:WARNING:dns_config_service_win.cc(668)] Failed to read DnsConfig.
[0105/235213.606:WARNING:dns_config_service_win.cc(668)] Failed to read DnsConfig.
[0105/235218.633:WARNING:dns_config_service_win.cc(668)] Failed to read DnsConfig.
[0105/235223.732:WARNING:dns_config_service_win.cc(668)] Failed to read DnsConfig.
[0105/235228.744:WARNING:dns_config_service_win.cc(668)] Failed to read DnsConfig.
[0105/235233.915:WARNING:dns_config_service_win.cc(668)] Failed to read DnsConfig.
[0105/235238.933:WARNING:dns_config_service_win.cc(668)] Failed to read DnsConfig.
[0105/235244.029:WARNING:dns_config_service_win.cc(668)] Failed to read DnsConfig.
[0105/235249.054:WARNING:dns_config_service_win.cc(668)] Failed to read DnsConfig.
[0105/235254.068:WARNING:dns_config_service_win.cc(668)] Failed to read DnsConfig.
[0105/235259.087:WARNING:dns_config_service_win.cc(668)] Failed to read DnsConfig.
[0105/235304.103:WARNING:dns_config_service_win.cc(668)] Failed to read DnsConfig.
[0105/235309.120:WARNING:dns_config_service_win.cc(668)] Failed to read DnsConfig.
[0105/235314.140:WARNING:dns_config_service_win.cc(668)] Failed to read DnsConfig.
[0105/235319.166:WARNING:dns_config_service_win.cc(668)] Failed to read DnsConfig.
[0105/235324.186:WARNING:dns_config_service_win.cc(668)] Failed to read DnsConfig.
[0105/235329.208:WARNING:dns_config_service_win.cc(668)] Failed to read DnsConfig.
